2025/04/22 08:01:44 [emerg] 1#1: cannot load certificate "/etc/nginx/certs/alekseev.mywire.org.cert": BIO_new_file() failed (SSL: error:80000002:system library::No such file or directory:calling fopen(/etc/nginx/certs/alekseev.mywire.org.cert, r) error:10000080:BIO routines::no such file)
2025/04/22 08:03:35 [notice] 1#1: using the "epoll" event method
2025/04/22 08:03:35 [notice] 1#1: nginx/1.27.4
2025/04/22 08:03:35 [notice] 1#1: built by gcc 14.2.0 (Alpine 14.2.0) 
2025/04/22 08:03:35 [notice] 1#1: OS: Linux 6.13.9-200.fc41.x86_64
2025/04/22 08:03:35 [notice] 1#1: getrlimit(RLIMIT_NOFILE): 1073741816:1073741816
2025/04/22 08:03:35 [notice] 1#1: start worker processes
2025/04/22 08:03:35 [notice] 1#1: start worker process 29
2025/04/22 08:03:35 [notice] 1#1: start worker process 30
2025/04/22 08:03:35 [notice] 1#1: start worker process 31
2025/04/22 08:03:35 [notice] 1#1: start worker process 32
2025/04/22 08:03:35 [notice] 1#1: start worker process 33
2025/04/22 08:03:35 [notice] 1#1: start worker process 34
2025/04/22 08:03:35 [notice] 1#1: start worker process 35
2025/04/22 08:03:35 [notice] 1#1: start worker process 36
2025/04/22 08:04:52 [notice] 1#1: signal 3 (SIGQUIT) received, shutting down
2025/04/22 08:04:52 [notice] 29#29: gracefully shutting down
2025/04/22 08:04:52 [notice] 30#30: gracefully shutting down
2025/04/22 08:04:52 [notice] 30#30: exiting
2025/04/22 08:04:52 [notice] 34#34: gracefully shutting down
2025/04/22 08:04:52 [notice] 34#34: exiting
2025/04/22 08:04:52 [notice] 31#31: gracefully shutting down
2025/04/22 08:04:52 [notice] 33#33: gracefully shutting down
2025/04/22 08:04:52 [notice] 31#31: exiting
2025/04/22 08:04:52 [notice] 33#33: exiting
2025/04/22 08:04:52 [notice] 35#35: gracefully shutting down
2025/04/22 08:04:52 [notice] 35#35: exiting
2025/04/22 08:04:52 [notice] 36#36: gracefully shutting down
2025/04/22 08:04:52 [notice] 36#36: exiting
2025/04/22 08:04:52 [notice] 30#30: exit
2025/04/22 08:04:52 [notice] 33#33: exit
2025/04/22 08:04:52 [notice] 35#35: exit
2025/04/22 08:04:52 [notice] 31#31: exit
2025/04/22 08:04:52 [notice] 34#34: exit
2025/04/22 08:04:52 [notice] 36#36: exit
2025/04/22 08:04:52 [notice] 32#32: gracefully shutting down
2025/04/22 08:04:52 [notice] 32#32: exiting
2025/04/22 08:04:52 [notice] 29#29: exiting
2025/04/22 08:04:52 [notice] 32#32: exit
2025/04/22 08:04:52 [notice] 29#29: exit
2025/04/22 08:04:52 [notice] 1#1: signal 17 (SIGCHLD) received from 33
2025/04/22 08:04:52 [notice] 1#1: worker process 33 exited with code 0
2025/04/22 08:04:52 [notice] 1#1: signal 29 (SIGIO) received
2025/04/22 08:04:52 [notice] 1#1: signal 17 (SIGCHLD) received from 31
2025/04/22 08:04:52 [notice] 1#1: worker process 31 exited with code 0
2025/04/22 08:04:52 [notice] 1#1: signal 29 (SIGIO) received
2025/04/22 08:04:52 [notice] 1#1: signal 17 (SIGCHLD) received from 29
2025/04/22 08:04:52 [notice] 1#1: worker process 29 exited with code 0
2025/04/22 08:04:52 [notice] 1#1: signal 29 (SIGIO) received
2025/04/22 08:04:52 [notice] 1#1: signal 17 (SIGCHLD) received from 34
2025/04/22 08:04:52 [notice] 1#1: worker process 30 exited with code 0
2025/04/22 08:04:52 [notice] 1#1: worker process 34 exited with code 0
2025/04/22 08:04:52 [notice] 1#1: signal 29 (SIGIO) received
2025/04/22 08:04:52 [notice] 1#1: signal 17 (SIGCHLD) received from 36
2025/04/22 08:04:52 [notice] 1#1: worker process 35 exited with code 0
2025/04/22 08:04:52 [notice] 1#1: worker process 36 exited with code 0
2025/04/22 08:04:52 [notice] 1#1: signal 29 (SIGIO) received
2025/04/22 08:04:52 [notice] 1#1: signal 17 (SIGCHLD) received from 35
2025/04/22 08:04:52 [notice] 1#1: signal 17 (SIGCHLD) received from 32
2025/04/22 08:04:52 [notice] 1#1: worker process 32 exited with code 0
2025/04/22 08:04:52 [notice] 1#1: exit
2025/04/22 08:06:06 [notice] 1#1: using the "epoll" event method
2025/04/22 08:06:06 [notice] 1#1: nginx/1.27.4
2025/04/22 08:06:06 [notice] 1#1: built by gcc 14.2.0 (Alpine 14.2.0) 
2025/04/22 08:06:06 [notice] 1#1: OS: Linux 6.13.9-200.fc41.x86_64
2025/04/22 08:06:06 [notice] 1#1: getrlimit(RLIMIT_NOFILE): 1073741816:1073741816
2025/04/22 08:06:06 [notice] 1#1: start worker processes
2025/04/22 08:06:06 [notice] 1#1: start worker process 29
2025/04/22 08:06:06 [notice] 1#1: start worker process 30
2025/04/22 08:06:06 [notice] 1#1: start worker process 31
2025/04/22 08:06:06 [notice] 1#1: start worker process 32
2025/04/22 08:06:06 [notice] 1#1: start worker process 33
2025/04/22 08:06:06 [notice] 1#1: start worker process 34
2025/04/22 08:06:06 [notice] 1#1: start worker process 35
2025/04/22 08:06:06 [notice] 1#1: start worker process 36
2025/04/22 08:07:31 [error] 29#29: *2 open() "/usr/share/nginx/html/favicon.ico" failed (2: No such file or directory), client: 172.18.0.1, server: alekseev.mywire.org, request: "GET /favicon.ico HTTP/1.1", host: "127.0.0.1", referrer: "https://127.0.0.1/"
2025/04/22 08:07:33 [error] 29#29: *2 connect() failed (111: Connection refused) while connecting to upstream, client: 172.18.0.1, server: alekseev.mywire.org, request: "GET /content/ HTTP/1.1", upstream: "http://[::1]:81//", host: "127.0.0.1", referrer: "https://127.0.0.1/"
2025/04/22 08:07:33 [warn] 29#29: *2 upstream server temporarily disabled while connecting to upstream, client: 172.18.0.1, server: alekseev.mywire.org, request: "GET /content/ HTTP/1.1", upstream: "http://[::1]:81//", host: "127.0.0.1", referrer: "https://127.0.0.1/"
2025/04/22 08:27:33 [notice] 1#1: signal 3 (SIGQUIT) received, shutting down
2025/04/22 08:27:33 [notice] 29#29: gracefully shutting down
2025/04/22 08:27:33 [notice] 30#30: gracefully shutting down
2025/04/22 08:27:33 [notice] 29#29: exiting
2025/04/22 08:27:33 [notice] 33#33: gracefully shutting down
2025/04/22 08:27:33 [notice] 30#30: exiting
2025/04/22 08:27:33 [notice] 36#36: gracefully shutting down
2025/04/22 08:27:33 [notice] 33#33: exiting
2025/04/22 08:27:33 [notice] 36#36: exiting
2025/04/22 08:27:33 [notice] 30#30: exit
2025/04/22 08:27:33 [notice] 33#33: exit
2025/04/22 08:27:33 [notice] 29#29: exit
2025/04/22 08:27:33 [notice] 34#34: gracefully shutting down
2025/04/22 08:27:33 [notice] 34#34: exiting
2025/04/22 08:27:33 [notice] 36#36: exit
2025/04/22 08:27:33 [notice] 31#31: gracefully shutting down
2025/04/22 08:27:33 [notice] 31#31: exiting
2025/04/22 08:27:33 [notice] 34#34: exit
2025/04/22 08:27:33 [notice] 31#31: exit
2025/04/22 08:27:33 [notice] 32#32: gracefully shutting down
2025/04/22 08:27:33 [notice] 32#32: exiting
2025/04/22 08:27:33 [notice] 35#35: gracefully shutting down
2025/04/22 08:27:33 [notice] 35#35: exiting
2025/04/22 08:27:33 [notice] 32#32: exit
2025/04/22 08:27:33 [notice] 35#35: exit
2025/04/22 08:27:33 [notice] 1#1: signal 17 (SIGCHLD) received from 36
2025/04/22 08:27:33 [notice] 1#1: worker process 32 exited with code 0
2025/04/22 08:27:33 [notice] 1#1: worker process 29 exited with code 0
2025/04/22 08:27:33 [notice] 1#1: worker process 35 exited with code 0
2025/04/22 08:27:33 [notice] 1#1: worker process 36 exited with code 0
2025/04/22 08:27:33 [notice] 1#1: signal 29 (SIGIO) received
2025/04/22 08:27:33 [notice] 1#1: signal 17 (SIGCHLD) received from 35
2025/04/22 08:27:33 [notice] 1#1: signal 17 (SIGCHLD) received from 34
2025/04/22 08:27:33 [notice] 1#1: worker process 34 exited with code 0
2025/04/22 08:27:33 [notice] 1#1: worker process 30 exited with code 0
2025/04/22 08:27:33 [notice] 1#1: signal 29 (SIGIO) received
2025/04/22 08:27:33 [notice] 1#1: signal 17 (SIGCHLD) received from 30
2025/04/22 08:27:33 [notice] 1#1: worker process 31 exited with code 0
2025/04/22 08:27:33 [notice] 1#1: signal 29 (SIGIO) received
2025/04/22 08:27:33 [notice] 1#1: signal 17 (SIGCHLD) received from 33
2025/04/22 08:27:33 [notice] 1#1: worker process 33 exited with code 0
2025/04/22 08:27:33 [notice] 1#1: exit
2025/04/22 11:41:34 [notice] 1#1: using the "epoll" event method
2025/04/22 11:41:34 [notice] 1#1: nginx/1.27.4
2025/04/22 11:41:34 [notice] 1#1: built by gcc 14.2.0 (Alpine 14.2.0) 
2025/04/22 11:41:34 [notice] 1#1: OS: Linux 6.13.9-200.fc41.x86_64
2025/04/22 11:41:34 [notice] 1#1: getrlimit(RLIMIT_NOFILE): 1073741816:1073741816
2025/04/22 11:41:34 [notice] 1#1: start worker processes
2025/04/22 11:41:34 [notice] 1#1: start worker process 29
2025/04/22 11:41:34 [notice] 1#1: start worker process 30
2025/04/22 11:41:34 [notice] 1#1: start worker process 31
2025/04/22 11:41:34 [notice] 1#1: start worker process 32
2025/04/22 11:41:34 [notice] 1#1: start worker process 33
2025/04/22 11:41:34 [notice] 1#1: start worker process 34
2025/04/22 11:41:34 [notice] 1#1: start worker process 35
2025/04/22 11:41:34 [notice] 1#1: start worker process 36
2025/04/22 11:42:55 [notice] 1#1: signal 3 (SIGQUIT) received, shutting down
2025/04/22 11:42:55 [notice] 29#29: gracefully shutting down
2025/04/22 11:42:55 [notice] 33#33: gracefully shutting down
2025/04/22 11:42:55 [notice] 30#30: gracefully shutting down
2025/04/22 11:42:55 [notice] 33#33: exiting
2025/04/22 11:42:55 [notice] 31#31: gracefully shutting down
2025/04/22 11:42:55 [notice] 31#31: exiting
2025/04/22 11:42:55 [notice] 32#32: gracefully shutting down
2025/04/22 11:42:55 [notice] 32#32: exiting
2025/04/22 11:42:55 [notice] 29#29: exiting
2025/04/22 11:42:55 [notice] 30#30: exiting
2025/04/22 11:42:55 [notice] 32#32: exit
2025/04/22 11:42:55 [notice] 34#34: gracefully shutting down
2025/04/22 11:42:55 [notice] 34#34: exiting
2025/04/22 11:42:55 [notice] 29#29: exit
2025/04/22 11:42:55 [notice] 33#33: exit
2025/04/22 11:42:55 [notice] 34#34: exit
2025/04/22 11:42:55 [notice] 35#35: gracefully shutting down
2025/04/22 11:42:55 [notice] 35#35: exiting
2025/04/22 11:42:55 [notice] 31#31: exit
2025/04/22 11:42:55 [notice] 30#30: exit
2025/04/22 11:42:55 [notice] 36#36: gracefully shutting down
2025/04/22 11:42:55 [notice] 36#36: exiting
2025/04/22 11:42:55 [notice] 35#35: exit
2025/04/22 11:42:55 [notice] 36#36: exit
2025/04/22 11:42:55 [notice] 1#1: signal 17 (SIGCHLD) received from 32
2025/04/22 11:42:55 [notice] 1#1: worker process 32 exited with code 0
2025/04/22 11:42:55 [notice] 1#1: signal 29 (SIGIO) received
2025/04/22 11:42:55 [notice] 1#1: signal 17 (SIGCHLD) received from 29
2025/04/22 11:42:55 [notice] 1#1: worker process 29 exited with code 0
2025/04/22 11:42:55 [notice] 1#1: signal 29 (SIGIO) received
2025/04/22 11:42:55 [notice] 1#1: signal 17 (SIGCHLD) received from 33
2025/04/22 11:42:55 [notice] 1#1: worker process 31 exited with code 0
2025/04/22 11:42:55 [notice] 1#1: worker process 33 exited with code 0
2025/04/22 11:42:55 [notice] 1#1: worker process 30 exited with code 0
2025/04/22 11:42:55 [notice] 1#1: worker process 36 exited with code 0
2025/04/22 11:42:55 [notice] 1#1: signal 17 (SIGCHLD) received from 30
2025/04/22 11:42:55 [notice] 1#1: signal 17 (SIGCHLD) received from 35
2025/04/22 11:42:55 [notice] 1#1: worker process 35 exited with code 0
2025/04/22 11:42:55 [notice] 1#1: signal 17 (SIGCHLD) received from 34
2025/04/22 11:42:55 [notice] 1#1: worker process 34 exited with code 0
2025/04/22 11:42:55 [notice] 1#1: exit
2025/04/22 11:44:09 [notice] 1#1: using the "epoll" event method
2025/04/22 11:44:09 [notice] 1#1: nginx/1.27.4
2025/04/22 11:44:09 [notice] 1#1: built by gcc 14.2.0 (Alpine 14.2.0) 
2025/04/22 11:44:09 [notice] 1#1: OS: Linux 6.13.9-200.fc41.x86_64
2025/04/22 11:44:09 [notice] 1#1: getrlimit(RLIMIT_NOFILE): 1073741816:1073741816
2025/04/22 11:44:09 [notice] 1#1: start worker processes
2025/04/22 11:44:09 [notice] 1#1: start worker process 29
2025/04/22 11:44:09 [notice] 1#1: start worker process 30
2025/04/22 11:44:09 [notice] 1#1: start worker process 31
2025/04/22 11:44:09 [notice] 1#1: start worker process 32
2025/04/22 11:44:09 [notice] 1#1: start worker process 33
2025/04/22 11:44:09 [notice] 1#1: start worker process 34
2025/04/22 11:44:09 [notice] 1#1: start worker process 35
2025/04/22 11:44:09 [notice] 1#1: start worker process 36
2025/04/22 11:44:46 [notice] 1#1: signal 3 (SIGQUIT) received, shutting down
2025/04/22 11:44:46 [notice] 31#31: gracefully shutting down
2025/04/22 11:44:46 [notice] 31#31: exiting
2025/04/22 11:44:46 [notice] 31#31: exit
2025/04/22 11:44:46 [notice] 32#32: gracefully shutting down
2025/04/22 11:44:46 [notice] 29#29: gracefully shutting down
2025/04/22 11:44:46 [notice] 33#33: gracefully shutting down
2025/04/22 11:44:46 [notice] 29#29: exiting
2025/04/22 11:44:46 [notice] 33#33: exiting
2025/04/22 11:44:46 [notice] 32#32: exiting
2025/04/22 11:44:46 [notice] 29#29: exit
2025/04/22 11:44:46 [notice] 33#33: exit
2025/04/22 11:44:46 [notice] 30#30: gracefully shutting down
2025/04/22 11:44:46 [notice] 32#32: exit
2025/04/22 11:44:46 [notice] 30#30: exiting
2025/04/22 11:44:46 [notice] 30#30: exit
2025/04/22 11:44:46 [notice] 34#34: gracefully shutting down
2025/04/22 11:44:46 [notice] 34#34: exiting
2025/04/22 11:44:46 [notice] 34#34: exit
2025/04/22 11:44:46 [notice] 35#35: gracefully shutting down
2025/04/22 11:44:46 [notice] 35#35: exiting
2025/04/22 11:44:46 [notice] 36#36: gracefully shutting down
2025/04/22 11:44:46 [notice] 36#36: exiting
2025/04/22 11:44:46 [notice] 35#35: exit
2025/04/22 11:44:46 [notice] 36#36: exit
2025/04/22 11:44:46 [notice] 1#1: signal 17 (SIGCHLD) received from 30
2025/04/22 11:44:46 [notice] 1#1: worker process 30 exited with code 0
2025/04/22 11:44:46 [notice] 1#1: signal 29 (SIGIO) received
2025/04/22 11:44:46 [notice] 1#1: signal 17 (SIGCHLD) received from 32
2025/04/22 11:44:46 [notice] 1#1: worker process 32 exited with code 0
2025/04/22 11:44:46 [notice] 1#1: worker process 34 exited with code 0
2025/04/22 11:44:46 [notice] 1#1: signal 29 (SIGIO) received
2025/04/22 11:44:46 [notice] 1#1: signal 17 (SIGCHLD) received from 31
2025/04/22 11:44:46 [notice] 1#1: worker process 31 exited with code 0
2025/04/22 11:44:46 [notice] 1#1: signal 29 (SIGIO) received
2025/04/22 11:44:46 [notice] 1#1: signal 17 (SIGCHLD) received from 33
2025/04/22 11:44:46 [notice] 1#1: worker process 29 exited with code 0
2025/04/22 11:44:46 [notice] 1#1: worker process 33 exited with code 0
2025/04/22 11:44:46 [notice] 1#1: signal 29 (SIGIO) received
2025/04/22 11:44:46 [notice] 1#1: signal 17 (SIGCHLD) received from 35
2025/04/22 11:44:46 [notice] 1#1: worker process 35 exited with code 0
2025/04/22 11:44:46 [notice] 1#1: signal 17 (SIGCHLD) received from 36
2025/04/22 11:44:46 [notice] 1#1: worker process 36 exited with code 0
2025/04/22 11:44:46 [notice] 1#1: exit
2025/04/22 11:59:08 [notice] 1#1: using the "epoll" event method
2025/04/22 11:59:08 [notice] 1#1: nginx/1.27.4
2025/04/22 11:59:08 [notice] 1#1: built by gcc 14.2.0 (Alpine 14.2.0) 
2025/04/22 11:59:08 [notice] 1#1: OS: Linux 6.13.9-200.fc41.x86_64
2025/04/22 11:59:08 [notice] 1#1: getrlimit(RLIMIT_NOFILE): 1073741816:1073741816
2025/04/22 11:59:08 [notice] 1#1: start worker processes
2025/04/22 11:59:08 [notice] 1#1: start worker process 29
2025/04/22 11:59:08 [notice] 1#1: start worker process 30
2025/04/22 11:59:08 [notice] 1#1: start worker process 31
2025/04/22 11:59:08 [notice] 1#1: start worker process 32
2025/04/22 11:59:08 [notice] 1#1: start worker process 33
2025/04/22 11:59:08 [notice] 1#1: start worker process 34
2025/04/22 11:59:08 [notice] 1#1: start worker process 35
2025/04/22 11:59:08 [notice] 1#1: start worker process 36
2025/04/22 12:01:12 [error] 30#30: *3 open() "/usr/share/nginx/html/favicon.ico" failed (2: No such file or directory), client: 172.18.0.1, server: alekseev.mywire.org, request: "GET /favicon.ico HTTP/1.1", host: "127.0.0.1", referrer: "https://127.0.0.1/"
2025/04/22 12:01:14 [error] 31#31: *4 connect() failed (111: Connection refused) while connecting to upstream, client: 172.18.0.1, server: alekseev.mywire.org, request: "GET /redblue/ HTTP/1.1", upstream: "http://[::1]:82/", host: "127.0.0.1", referrer: "https://127.0.0.1/"
2025/04/22 12:01:14 [warn] 31#31: *4 upstream server temporarily disabled while connecting to upstream, client: 172.18.0.1, server: alekseev.mywire.org, request: "GET /redblue/ HTTP/1.1", upstream: "http://[::1]:82/", host: "127.0.0.1", referrer: "https://127.0.0.1/"
2025/04/22 12:39:10 [notice] 1#1: signal 3 (SIGQUIT) received, shutting down
2025/04/22 12:39:10 [notice] 30#30: gracefully shutting down
2025/04/22 12:39:10 [notice] 30#30: exiting
2025/04/22 12:39:10 [notice] 35#35: gracefully shutting down
2025/04/22 12:39:10 [notice] 29#29: gracefully shutting down
2025/04/22 12:39:10 [notice] 35#35: exiting
2025/04/22 12:39:10 [notice] 36#36: gracefully shutting down
2025/04/22 12:39:10 [notice] 31#31: gracefully shutting down
2025/04/22 12:39:10 [notice] 36#36: exiting
2025/04/22 12:39:10 [notice] 31#31: exiting
2025/04/22 12:39:10 [notice] 32#32: gracefully shutting down
2025/04/22 12:39:10 [notice] 33#33: gracefully shutting down
2025/04/22 12:39:10 [notice] 32#32: exiting
2025/04/22 12:39:10 [notice] 33#33: exiting
2025/04/22 12:39:10 [notice] 34#34: gracefully shutting down
2025/04/22 12:39:10 [notice] 34#34: exiting
2025/04/22 12:39:10 [notice] 29#29: exiting
2025/04/22 12:39:10 [notice] 33#33: exit
2025/04/22 12:39:10 [notice] 31#31: exit
2025/04/22 12:39:10 [notice] 29#29: exit
2025/04/22 12:39:10 [notice] 32#32: exit
2025/04/22 12:39:10 [notice] 30#30: exit
2025/04/22 12:39:10 [notice] 35#35: exit
2025/04/22 12:39:10 [notice] 36#36: exit
2025/04/22 12:39:10 [notice] 34#34: exit
2025/04/22 12:39:11 [notice] 1#1: signal 17 (SIGCHLD) received from 35
2025/04/22 12:39:11 [notice] 1#1: worker process 32 exited with code 0
2025/04/22 12:39:11 [notice] 1#1: worker process 35 exited with code 0
2025/04/22 12:39:11 [notice] 1#1: signal 29 (SIGIO) received
2025/04/22 12:39:11 [notice] 1#1: signal 17 (SIGCHLD) received from 33
2025/04/22 12:39:11 [notice] 1#1: worker process 33 exited with code 0
2025/04/22 12:39:11 [notice] 1#1: worker process 31 exited with code 0
2025/04/22 12:39:11 [notice] 1#1: worker process 34 exited with code 0
2025/04/22 12:39:11 [notice] 1#1: signal 29 (SIGIO) received
2025/04/22 12:39:11 [notice] 1#1: signal 17 (SIGCHLD) received from 31
2025/04/22 12:39:11 [notice] 1#1: signal 17 (SIGCHLD) received from 29
2025/04/22 12:39:11 [notice] 1#1: worker process 29 exited with code 0
2025/04/22 12:39:11 [notice] 1#1: signal 29 (SIGIO) received
2025/04/22 12:39:11 [notice] 1#1: signal 17 (SIGCHLD) received from 36
2025/04/22 12:39:11 [notice] 1#1: worker process 30 exited with code 0
2025/04/22 12:39:11 [notice] 1#1: worker process 36 exited with code 0
2025/04/22 12:39:11 [notice] 1#1: exit
2025/04/22 12:39:34 [notice] 1#1: using the "epoll" event method
2025/04/22 12:39:34 [notice] 1#1: nginx/1.27.4
2025/04/22 12:39:34 [notice] 1#1: built by gcc 14.2.0 (Alpine 14.2.0) 
2025/04/22 12:39:34 [notice] 1#1: OS: Linux 6.13.9-200.fc41.x86_64
2025/04/22 12:39:34 [notice] 1#1: getrlimit(RLIMIT_NOFILE): 1073741816:1073741816
2025/04/22 12:39:34 [notice] 1#1: start worker processes
2025/04/22 12:39:34 [notice] 1#1: start worker process 29
2025/04/22 12:39:34 [notice] 1#1: start worker process 30
2025/04/22 12:39:34 [notice] 1#1: start worker process 31
2025/04/22 12:39:34 [notice] 1#1: start worker process 32
2025/04/22 12:39:34 [notice] 1#1: start worker process 33
2025/04/22 12:39:34 [notice] 1#1: start worker process 34
2025/04/22 12:39:34 [notice] 1#1: start worker process 35
2025/04/22 12:39:34 [notice] 1#1: start worker process 36
2025/04/22 12:40:16 [notice] 1#1: signal 3 (SIGQUIT) received, shutting down
2025/04/22 12:40:16 [notice] 29#29: gracefully shutting down
2025/04/22 12:40:16 [notice] 31#31: gracefully shutting down
2025/04/22 12:40:16 [notice] 31#31: exiting
2025/04/22 12:40:16 [notice] 31#31: exit
2025/04/22 12:40:16 [notice] 29#29: exiting
2025/04/22 12:40:16 [notice] 29#29: exit
2025/04/22 12:40:16 [notice] 30#30: gracefully shutting down
2025/04/22 12:40:16 [notice] 30#30: exiting
2025/04/22 12:40:16 [notice] 36#36: gracefully shutting down
2025/04/22 12:40:16 [notice] 36#36: exiting
2025/04/22 12:40:16 [notice] 30#30: exit
2025/04/22 12:40:16 [notice] 36#36: exit
2025/04/22 12:40:16 [notice] 32#32: gracefully shutting down
2025/04/22 12:40:16 [notice] 32#32: exiting
2025/04/22 12:40:16 [notice] 32#32: exit
2025/04/22 12:40:16 [notice] 33#33: gracefully shutting down
2025/04/22 12:40:16 [notice] 33#33: exiting
2025/04/22 12:40:16 [notice] 34#34: gracefully shutting down
2025/04/22 12:40:16 [notice] 33#33: exit
2025/04/22 12:40:16 [notice] 34#34: exiting
2025/04/22 12:40:16 [notice] 34#34: exit
2025/04/22 12:40:16 [notice] 35#35: gracefully shutting down
2025/04/22 12:40:16 [notice] 35#35: exiting
2025/04/22 12:40:16 [notice] 35#35: exit
2025/04/22 12:40:16 [notice] 1#1: signal 17 (SIGCHLD) received from 30
2025/04/22 12:40:16 [notice] 1#1: worker process 30 exited with code 0
2025/04/22 12:40:16 [notice] 1#1: signal 29 (SIGIO) received
2025/04/22 12:40:16 [notice] 1#1: signal 17 (SIGCHLD) received from 33
2025/04/22 12:40:16 [notice] 1#1: worker process 29 exited with code 0
2025/04/22 12:40:16 [notice] 1#1: worker process 32 exited with code 0
2025/04/22 12:40:16 [notice] 1#1: worker process 33 exited with code 0
2025/04/22 12:40:16 [notice] 1#1: worker process 36 exited with code 0
2025/04/22 12:40:16 [notice] 1#1: signal 29 (SIGIO) received
2025/04/22 12:40:16 [notice] 1#1: signal 17 (SIGCHLD) received from 36
2025/04/22 12:40:16 [notice] 1#1: signal 17 (SIGCHLD) received from 31
2025/04/22 12:40:16 [notice] 1#1: worker process 31 exited with code 0
2025/04/22 12:40:16 [notice] 1#1: signal 29 (SIGIO) received
2025/04/22 12:40:16 [notice] 1#1: signal 17 (SIGCHLD) received from 34
2025/04/22 12:40:16 [notice] 1#1: worker process 34 exited with code 0
2025/04/22 12:40:16 [notice] 1#1: signal 29 (SIGIO) received
2025/04/22 12:40:16 [notice] 1#1: signal 17 (SIGCHLD) received from 35
2025/04/22 12:40:16 [notice] 1#1: worker process 35 exited with code 0
2025/04/22 12:40:16 [notice] 1#1: exit
2025/04/22 13:00:54 [notice] 1#1: using the "epoll" event method
2025/04/22 13:00:54 [notice] 1#1: nginx/1.27.4
2025/04/22 13:00:54 [notice] 1#1: built by gcc 14.2.0 (Alpine 14.2.0) 
2025/04/22 13:00:54 [notice] 1#1: OS: Linux 6.13.9-200.fc41.x86_64
2025/04/22 13:00:54 [notice] 1#1: getrlimit(RLIMIT_NOFILE): 1073741816:1073741816
2025/04/22 13:00:54 [notice] 1#1: start worker processes
2025/04/22 13:00:54 [notice] 1#1: start worker process 29
2025/04/22 13:00:54 [notice] 1#1: start worker process 30
2025/04/22 13:00:54 [notice] 1#1: start worker process 31
2025/04/22 13:00:54 [notice] 1#1: start worker process 32
2025/04/22 13:00:54 [notice] 1#1: start worker process 33
2025/04/22 13:00:54 [notice] 1#1: start worker process 34
2025/04/22 13:00:54 [notice] 1#1: start worker process 35
2025/04/22 13:00:54 [notice] 1#1: start worker process 36
2025/04/22 13:06:07 [notice] 1#1: signal 3 (SIGQUIT) received, shutting down
2025/04/22 13:06:07 [notice] 29#29: gracefully shutting down
2025/04/22 13:06:07 [notice] 32#32: gracefully shutting down
2025/04/22 13:06:07 [notice] 31#31: gracefully shutting down
2025/04/22 13:06:07 [notice] 33#33: gracefully shutting down
2025/04/22 13:06:07 [notice] 34#34: gracefully shutting down
2025/04/22 13:06:07 [notice] 30#30: gracefully shutting down
2025/04/22 13:06:07 [notice] 29#29: exiting
2025/04/22 13:06:07 [notice] 32#32: exiting
2025/04/22 13:06:07 [notice] 31#31: exiting
2025/04/22 13:06:07 [notice] 30#30: exiting
2025/04/22 13:06:07 [notice] 33#33: exiting
2025/04/22 13:06:07 [notice] 34#34: exiting
2025/04/22 13:06:07 [notice] 34#34: exit
2025/04/22 13:06:07 [notice] 30#30: exit
2025/04/22 13:06:07 [notice] 33#33: exit
2025/04/22 13:06:07 [notice] 32#32: exit
2025/04/22 13:06:07 [notice] 31#31: exit
2025/04/22 13:06:07 [notice] 29#29: exit
2025/04/22 13:06:07 [notice] 35#35: gracefully shutting down
2025/04/22 13:06:07 [notice] 35#35: exiting
2025/04/22 13:06:07 [notice] 36#36: gracefully shutting down
2025/04/22 13:06:07 [notice] 36#36: exiting
2025/04/22 13:06:07 [notice] 35#35: exit
2025/04/22 13:06:07 [notice] 36#36: exit
2025/04/22 13:06:07 [notice] 1#1: signal 17 (SIGCHLD) received from 29
2025/04/22 13:06:07 [notice] 1#1: worker process 29 exited with code 0
2025/04/22 13:06:07 [notice] 1#1: worker process 31 exited with code 0
2025/04/22 13:06:07 [notice] 1#1: worker process 33 exited with code 0
2025/04/22 13:06:07 [notice] 1#1: worker process 34 exited with code 0
2025/04/22 13:06:07 [notice] 1#1: signal 29 (SIGIO) received
2025/04/22 13:06:07 [notice] 1#1: signal 17 (SIGCHLD) received from 34
2025/04/22 13:06:07 [notice] 1#1: signal 17 (SIGCHLD) received from 32
2025/04/22 13:06:07 [notice] 1#1: worker process 32 exited with code 0
2025/04/22 13:06:07 [notice] 1#1: worker process 35 exited with code 0
2025/04/22 13:06:07 [notice] 1#1: signal 29 (SIGIO) received
2025/04/22 13:06:07 [notice] 1#1: signal 17 (SIGCHLD) received from 30
2025/04/22 13:06:07 [notice] 1#1: worker process 30 exited with code 0
2025/04/22 13:06:07 [notice] 1#1: worker process 36 exited with code 0
2025/04/22 13:06:07 [notice] 1#1: exit
2025/04/22 13:06:30 [notice] 1#1: using the "epoll" event method
2025/04/22 13:06:30 [notice] 1#1: nginx/1.27.4
2025/04/22 13:06:30 [notice] 1#1: built by gcc 14.2.0 (Alpine 14.2.0) 
2025/04/22 13:06:30 [notice] 1#1: OS: Linux 6.13.9-200.fc41.x86_64
2025/04/22 13:06:30 [notice] 1#1: getrlimit(RLIMIT_NOFILE): 1073741816:1073741816
2025/04/22 13:06:30 [notice] 1#1: start worker processes
2025/04/22 13:06:30 [notice] 1#1: start worker process 29
2025/04/22 13:06:30 [notice] 1#1: start worker process 30
2025/04/22 13:06:30 [notice] 1#1: start worker process 31
2025/04/22 13:06:30 [notice] 1#1: start worker process 32
2025/04/22 13:06:30 [notice] 1#1: start worker process 33
2025/04/22 13:06:30 [notice] 1#1: start worker process 34
2025/04/22 13:06:30 [notice] 1#1: start worker process 35
2025/04/22 13:06:30 [notice] 1#1: start worker process 36
2025/04/22 13:08:10 [notice] 1#1: signal 3 (SIGQUIT) received, shutting down
2025/04/22 13:08:10 [notice] 29#29: gracefully shutting down
2025/04/22 13:08:10 [notice] 30#30: gracefully shutting down
2025/04/22 13:08:10 [notice] 36#36: gracefully shutting down
2025/04/22 13:08:10 [notice] 29#29: exiting
2025/04/22 13:08:10 [notice] 30#30: exiting
2025/04/22 13:08:10 [notice] 36#36: exiting
2025/04/22 13:08:10 [notice] 31#31: gracefully shutting down
2025/04/22 13:08:10 [notice] 32#32: gracefully shutting down
2025/04/22 13:08:10 [notice] 34#34: gracefully shutting down
2025/04/22 13:08:10 [notice] 34#34: exiting
2025/04/22 13:08:10 [notice] 36#36: exit
2025/04/22 13:08:10 [notice] 29#29: exit
2025/04/22 13:08:10 [notice] 35#35: gracefully shutting down
2025/04/22 13:08:10 [notice] 35#35: exiting
2025/04/22 13:08:10 [notice] 30#30: exit
2025/04/22 13:08:10 [notice] 35#35: exit
2025/04/22 13:08:10 [notice] 31#31: exiting
2025/04/22 13:08:10 [notice] 32#32: exiting
2025/04/22 13:08:10 [notice] 33#33: gracefully shutting down
2025/04/22 13:08:10 [notice] 33#33: exiting
2025/04/22 13:08:10 [notice] 31#31: exit
2025/04/22 13:08:10 [notice] 32#32: exit
2025/04/22 13:08:10 [notice] 33#33: exit
2025/04/22 13:08:10 [notice] 34#34: exit
2025/04/22 13:08:10 [notice] 1#1: signal 17 (SIGCHLD) received from 35
2025/04/22 13:08:10 [notice] 1#1: worker process 29 exited with code 0
2025/04/22 13:08:10 [notice] 1#1: worker process 30 exited with code 0
2025/04/22 13:08:10 [notice] 1#1: worker process 35 exited with code 0
2025/04/22 13:08:10 [notice] 1#1: signal 29 (SIGIO) received
2025/04/22 13:08:10 [notice] 1#1: signal 17 (SIGCHLD) received from 29
2025/04/22 13:08:10 [notice] 1#1: signal 17 (SIGCHLD) received from 31
2025/04/22 13:08:10 [notice] 1#1: worker process 31 exited with code 0
2025/04/22 13:08:10 [notice] 1#1: worker process 33 exited with code 0
2025/04/22 13:08:10 [notice] 1#1: worker process 36 exited with code 0
2025/04/22 13:08:10 [notice] 1#1: signal 29 (SIGIO) received
2025/04/22 13:08:10 [notice] 1#1: signal 17 (SIGCHLD) received from 36
2025/04/22 13:08:10 [notice] 1#1: signal 17 (SIGCHLD) received from 32
2025/04/22 13:08:10 [notice] 1#1: worker process 32 exited with code 0
2025/04/22 13:08:10 [notice] 1#1: worker process 34 exited with code 0
2025/04/22 13:08:10 [notice] 1#1: exit
2025/04/22 13:11:14 [emerg] 1#1: host not found in upstream "www.onliner.by" in /etc/nginx/conf.d/default.conf:26
2025/04/22 13:31:13 [notice] 1#1: using the "epoll" event method
2025/04/22 13:31:13 [notice] 1#1: nginx/1.27.4
2025/04/22 13:31:13 [notice] 1#1: built by gcc 14.2.0 (Alpine 14.2.0) 
2025/04/22 13:31:13 [notice] 1#1: OS: Linux 6.13.9-200.fc41.x86_64
2025/04/22 13:31:13 [notice] 1#1: getrlimit(RLIMIT_NOFILE): 1073741816:1073741816
2025/04/22 13:31:13 [notice] 1#1: start worker processes
2025/04/22 13:31:13 [notice] 1#1: start worker process 29
2025/04/22 13:31:13 [notice] 1#1: start worker process 30
2025/04/22 13:31:13 [notice] 1#1: start worker process 31
2025/04/22 13:31:13 [notice] 1#1: start worker process 32
2025/04/22 13:31:13 [notice] 1#1: start worker process 33
2025/04/22 13:31:13 [notice] 1#1: start worker process 34
2025/04/22 13:31:13 [notice] 1#1: start worker process 35
2025/04/22 13:31:13 [notice] 1#1: start worker process 36
2025/04/22 13:32:58 [notice] 1#1: signal 3 (SIGQUIT) received, shutting down
2025/04/22 13:32:58 [notice] 34#34: gracefully shutting down
2025/04/22 13:32:58 [notice] 35#35: gracefully shutting down
2025/04/22 13:32:58 [notice] 31#31: gracefully shutting down
2025/04/22 13:32:58 [notice] 35#35: exiting
2025/04/22 13:32:58 [notice] 34#34: exiting
2025/04/22 13:32:58 [notice] 31#31: exiting
2025/04/22 13:32:58 [notice] 34#34: exit
2025/04/22 13:32:58 [notice] 31#31: exit
2025/04/22 13:32:58 [notice] 30#30: gracefully shutting down
2025/04/22 13:32:58 [notice] 36#36: gracefully shutting down
2025/04/22 13:32:58 [notice] 30#30: exiting
2025/04/22 13:32:58 [notice] 36#36: exiting
2025/04/22 13:32:58 [notice] 36#36: exit
2025/04/22 13:32:58 [notice] 30#30: exit
2025/04/22 13:32:58 [notice] 35#35: exit
2025/04/22 13:32:58 [notice] 29#29: gracefully shutting down
2025/04/22 13:32:58 [notice] 29#29: exiting
2025/04/22 13:32:58 [notice] 29#29: exit
2025/04/22 13:32:58 [notice] 32#32: gracefully shutting down
2025/04/22 13:32:58 [notice] 32#32: exiting
2025/04/22 13:32:58 [notice] 33#33: gracefully shutting down
2025/04/22 13:32:58 [notice] 33#33: exiting
2025/04/22 13:32:58 [notice] 32#32: exit
2025/04/22 13:32:58 [notice] 33#33: exit
2025/04/22 13:32:58 [notice] 1#1: signal 17 (SIGCHLD) received from 30
2025/04/22 13:32:58 [notice] 1#1: worker process 29 exited with code 0
2025/04/22 13:32:58 [notice] 1#1: worker process 30 exited with code 0
2025/04/22 13:32:58 [notice] 1#1: worker process 35 exited with code 0
2025/04/22 13:32:58 [notice] 1#1: signal 29 (SIGIO) received
2025/04/22 13:32:58 [notice] 1#1: signal 17 (SIGCHLD) received from 34
2025/04/22 13:32:58 [notice] 1#1: worker process 34 exited with code 0
2025/04/22 13:32:58 [notice] 1#1: signal 29 (SIGIO) received
2025/04/22 13:32:58 [notice] 1#1: signal 17 (SIGCHLD) received from 33
2025/04/22 13:32:58 [notice] 1#1: worker process 33 exited with code 0
2025/04/22 13:32:58 [notice] 1#1: signal 29 (SIGIO) received
2025/04/22 13:32:58 [notice] 1#1: signal 17 (SIGCHLD) received from 36
2025/04/22 13:32:58 [notice] 1#1: worker process 36 exited with code 0
2025/04/22 13:32:58 [notice] 1#1: signal 29 (SIGIO) received
2025/04/22 13:32:58 [notice] 1#1: signal 17 (SIGCHLD) received from 32
2025/04/22 13:32:58 [notice] 1#1: worker process 31 exited with code 0
2025/04/22 13:32:58 [notice] 1#1: worker process 32 exited with code 0
2025/04/22 13:32:58 [notice] 1#1: exit
2025/04/22 13:33:30 [notice] 1#1: using the "epoll" event method
2025/04/22 13:33:30 [notice] 1#1: nginx/1.27.5
2025/04/22 13:33:30 [notice] 1#1: built by gcc 12.2.0 (Debian 12.2.0-14) 
2025/04/22 13:33:30 [notice] 1#1: OS: Linux 6.13.9-200.fc41.x86_64
2025/04/22 13:33:30 [notice] 1#1: getrlimit(RLIMIT_NOFILE): 1073741816:1073741816
2025/04/22 13:33:30 [notice] 1#1: start worker processes
2025/04/22 13:33:30 [notice] 1#1: start worker process 27
2025/04/22 13:33:30 [notice] 1#1: start worker process 28
2025/04/22 13:33:30 [notice] 1#1: start worker process 29
2025/04/22 13:33:30 [notice] 1#1: start worker process 30
2025/04/22 13:33:30 [notice] 1#1: start worker process 31
2025/04/22 13:33:30 [notice] 1#1: start worker process 32
2025/04/22 13:33:30 [notice] 1#1: start worker process 33
2025/04/22 13:33:30 [notice] 1#1: start worker process 34
2025/04/22 13:34:24 [notice] 1#1: signal 3 (SIGQUIT) received, shutting down
2025/04/22 13:34:24 [notice] 28#28: gracefully shutting down
2025/04/22 13:34:24 [notice] 27#27: gracefully shutting down
2025/04/22 13:34:24 [notice] 31#31: gracefully shutting down
2025/04/22 13:34:24 [notice] 28#28: exiting
2025/04/22 13:34:24 [notice] 29#29: gracefully shutting down
2025/04/22 13:34:24 [notice] 27#27: exiting
2025/04/22 13:34:24 [notice] 31#31: exiting
2025/04/22 13:34:24 [notice] 29#29: exiting
2025/04/22 13:34:24 [notice] 32#32: gracefully shutting down
2025/04/22 13:34:24 [notice] 33#33: gracefully shutting down
2025/04/22 13:34:24 [notice] 27#27: exit
2025/04/22 13:34:24 [notice] 31#31: exit
2025/04/22 13:34:24 [notice] 29#29: exit
2025/04/22 13:34:24 [notice] 28#28: exit
2025/04/22 13:34:24 [notice] 34#34: gracefully shutting down
2025/04/22 13:34:24 [notice] 34#34: exiting
2025/04/22 13:34:24 [notice] 32#32: exiting
2025/04/22 13:34:24 [notice] 33#33: exiting
2025/04/22 13:34:24 [notice] 34#34: exit
2025/04/22 13:34:24 [notice] 33#33: exit
2025/04/22 13:34:24 [notice] 30#30: gracefully shutting down
2025/04/22 13:34:24 [notice] 32#32: exit
2025/04/22 13:34:24 [notice] 30#30: exiting
2025/04/22 13:34:24 [notice] 30#30: exit
2025/04/22 13:34:24 [notice] 1#1: signal 17 (SIGCHLD) received from 28
2025/04/22 13:34:24 [notice] 1#1: worker process 28 exited with code 0
2025/04/22 13:34:24 [notice] 1#1: signal 29 (SIGIO) received
2025/04/22 13:34:24 [notice] 1#1: signal 17 (SIGCHLD) received from 27
2025/04/22 13:34:24 [notice] 1#1: worker process 27 exited with code 0
2025/04/22 13:34:24 [notice] 1#1: worker process 29 exited with code 0
2025/04/22 13:34:24 [notice] 1#1: worker process 34 exited with code 0
2025/04/22 13:34:24 [notice] 1#1: signal 29 (SIGIO) received
2025/04/22 13:34:24 [notice] 1#1: signal 17 (SIGCHLD) received from 29
2025/04/22 13:34:24 [notice] 1#1: signal 17 (SIGCHLD) received from 32
2025/04/22 13:34:24 [notice] 1#1: worker process 31 exited with code 0
2025/04/22 13:34:24 [notice] 1#1: worker process 32 exited with code 0
2025/04/22 13:34:24 [notice] 1#1: signal 29 (SIGIO) received
2025/04/22 13:34:24 [notice] 1#1: signal 17 (SIGCHLD) received from 31
2025/04/22 13:34:24 [notice] 1#1: signal 17 (SIGCHLD) received from 30
2025/04/22 13:34:24 [notice] 1#1: worker process 30 exited with code 0
2025/04/22 13:34:24 [notice] 1#1: worker process 33 exited with code 0
2025/04/22 13:34:24 [notice] 1#1: exit
2025/04/22 13:35:33 [notice] 1#1: using the "epoll" event method
2025/04/22 13:35:33 [notice] 1#1: nginx/1.27.5
2025/04/22 13:35:33 [notice] 1#1: built by gcc 12.2.0 (Debian 12.2.0-14) 
2025/04/22 13:35:33 [notice] 1#1: OS: Linux 6.13.9-200.fc41.x86_64
2025/04/22 13:35:33 [notice] 1#1: getrlimit(RLIMIT_NOFILE): 1073741816:1073741816
2025/04/22 13:35:33 [notice] 1#1: start worker processes
2025/04/22 13:35:33 [notice] 1#1: start worker process 28
2025/04/22 13:35:33 [notice] 1#1: start worker process 29
2025/04/22 13:35:33 [notice] 1#1: start worker process 30
2025/04/22 13:35:33 [notice] 1#1: start worker process 31
2025/04/22 13:35:33 [notice] 1#1: start worker process 32
2025/04/22 13:35:33 [notice] 1#1: start worker process 33
2025/04/22 13:35:33 [notice] 1#1: start worker process 34
2025/04/22 13:35:33 [notice] 1#1: start worker process 35
2025/04/22 13:36:25 [notice] 1#1: signal 3 (SIGQUIT) received, shutting down
2025/04/22 13:36:25 [notice] 29#29: gracefully shutting down
2025/04/22 13:36:25 [notice] 30#30: gracefully shutting down
2025/04/22 13:36:25 [notice] 28#28: gracefully shutting down
2025/04/22 13:36:25 [notice] 33#33: gracefully shutting down
2025/04/22 13:36:25 [notice] 29#29: exiting
2025/04/22 13:36:25 [notice] 30#30: exiting
2025/04/22 13:36:25 [notice] 28#28: exiting
2025/04/22 13:36:25 [notice] 33#33: exiting
2025/04/22 13:36:25 [notice] 28#28: exit
2025/04/22 13:36:25 [notice] 30#30: exit
2025/04/22 13:36:25 [notice] 31#31: gracefully shutting down
2025/04/22 13:36:25 [notice] 35#35: gracefully shutting down
2025/04/22 13:36:25 [notice] 31#31: exiting
2025/04/22 13:36:25 [notice] 35#35: exiting
2025/04/22 13:36:25 [notice] 33#33: exit
2025/04/22 13:36:25 [notice] 31#31: exit
2025/04/22 13:36:25 [notice] 32#32: gracefully shutting down
2025/04/22 13:36:25 [notice] 32#32: exiting
2025/04/22 13:36:25 [notice] 34#34: gracefully shutting down
2025/04/22 13:36:25 [notice] 35#35: exit
2025/04/22 13:36:25 [notice] 34#34: exiting
2025/04/22 13:36:25 [notice] 32#32: exit
2025/04/22 13:36:25 [notice] 34#34: exit
2025/04/22 13:36:25 [notice] 29#29: exit
2025/04/22 13:36:25 [notice] 1#1: signal 17 (SIGCHLD) received from 31
2025/04/22 13:36:25 [notice] 1#1: worker process 28 exited with code 0
2025/04/22 13:36:25 [notice] 1#1: worker process 31 exited with code 0
2025/04/22 13:36:25 [notice] 1#1: worker process 35 exited with code 0
2025/04/22 13:36:25 [notice] 1#1: signal 29 (SIGIO) received
2025/04/22 13:36:25 [notice] 1#1: signal 17 (SIGCHLD) received from 35
2025/04/22 13:36:25 [notice] 1#1: signal 17 (SIGCHLD) received from 29
2025/04/22 13:36:25 [notice] 1#1: worker process 29 exited with code 0
2025/04/22 13:36:25 [notice] 1#1: signal 29 (SIGIO) received
2025/04/22 13:36:25 [notice] 1#1: signal 17 (SIGCHLD) received from 33
2025/04/22 13:36:25 [notice] 1#1: worker process 33 exited with code 0
2025/04/22 13:36:25 [notice] 1#1: signal 29 (SIGIO) received
2025/04/22 13:36:25 [notice] 1#1: signal 17 (SIGCHLD) received from 34
2025/04/22 13:36:25 [notice] 1#1: worker process 34 exited with code 0
2025/04/22 13:36:25 [notice] 1#1: signal 29 (SIGIO) received
2025/04/22 13:36:25 [notice] 1#1: signal 17 (SIGCHLD) received from 30
2025/04/22 13:36:25 [notice] 1#1: worker process 30 exited with code 0
2025/04/22 13:36:25 [notice] 1#1: signal 29 (SIGIO) received
2025/04/22 13:36:25 [notice] 1#1: signal 17 (SIGCHLD) received from 32
2025/04/22 13:36:25 [notice] 1#1: worker process 32 exited with code 0
2025/04/22 13:36:25 [notice] 1#1: exit
2025/04/22 13:36:53 [notice] 1#1: using the "epoll" event method
2025/04/22 13:36:53 [notice] 1#1: nginx/1.27.5
2025/04/22 13:36:53 [notice] 1#1: built by gcc 14.2.0 (Alpine 14.2.0) 
2025/04/22 13:36:53 [notice] 1#1: OS: Linux 6.13.9-200.fc41.x86_64
2025/04/22 13:36:53 [notice] 1#1: getrlimit(RLIMIT_NOFILE): 1073741816:1073741816
2025/04/22 13:36:53 [notice] 1#1: start worker processes
2025/04/22 13:36:53 [notice] 1#1: start worker process 28
2025/04/22 13:36:53 [notice] 1#1: start worker process 29
2025/04/22 13:36:53 [notice] 1#1: start worker process 30
2025/04/22 13:36:53 [notice] 1#1: start worker process 31
2025/04/22 13:36:53 [notice] 1#1: start worker process 32
2025/04/22 13:36:53 [notice] 1#1: start worker process 33
2025/04/22 13:36:53 [notice] 1#1: start worker process 34
2025/04/22 13:36:53 [notice] 1#1: start worker process 35
2025/04/22 13:37:20 [notice] 1#1: signal 3 (SIGQUIT) received, shutting down
2025/04/22 13:37:20 [notice] 28#28: gracefully shutting down
2025/04/22 13:37:20 [notice] 29#29: gracefully shutting down
2025/04/22 13:37:20 [notice] 29#29: exiting
2025/04/22 13:37:20 [notice] 31#31: gracefully shutting down
2025/04/22 13:37:20 [notice] 30#30: gracefully shutting down
2025/04/22 13:37:20 [notice] 30#30: exiting
2025/04/22 13:37:20 [notice] 30#30: exit
2025/04/22 13:37:20 [notice] 29#29: exit
2025/04/22 13:37:20 [notice] 31#31: exiting
2025/04/22 13:37:20 [notice] 28#28: exiting
2025/04/22 13:37:20 [notice] 32#32: gracefully shutting down
2025/04/22 13:37:20 [notice] 32#32: exiting
2025/04/22 13:37:20 [notice] 28#28: exit
2025/04/22 13:37:20 [notice] 31#31: exit
2025/04/22 13:37:20 [notice] 33#33: gracefully shutting down
2025/04/22 13:37:20 [notice] 33#33: exiting
2025/04/22 13:37:20 [notice] 33#33: exit
2025/04/22 13:37:20 [notice] 34#34: gracefully shutting down
2025/04/22 13:37:20 [notice] 34#34: exiting
2025/04/22 13:37:20 [notice] 35#35: gracefully shutting down
2025/04/22 13:37:20 [notice] 34#34: exit
2025/04/22 13:37:20 [notice] 35#35: exiting
2025/04/22 13:37:20 [notice] 32#32: exit
2025/04/22 13:37:20 [notice] 35#35: exit
2025/04/22 13:37:20 [notice] 1#1: signal 17 (SIGCHLD) received from 28
2025/04/22 13:37:20 [notice] 1#1: worker process 28 exited with code 0
2025/04/22 13:37:20 [notice] 1#1: signal 29 (SIGIO) received
2025/04/22 13:37:20 [notice] 1#1: signal 17 (SIGCHLD) received from 30
2025/04/22 13:37:20 [notice] 1#1: worker process 30 exited with code 0
2025/04/22 13:37:20 [notice] 1#1: signal 29 (SIGIO) received
2025/04/22 13:37:20 [notice] 1#1: signal 17 (SIGCHLD) received from 31
2025/04/22 13:37:20 [notice] 1#1: worker process 31 exited with code 0
2025/04/22 13:37:20 [notice] 1#1: signal 29 (SIGIO) received
2025/04/22 13:37:20 [notice] 1#1: signal 17 (SIGCHLD) received from 35
2025/04/22 13:37:20 [notice] 1#1: worker process 32 exited with code 0
2025/04/22 13:37:20 [notice] 1#1: worker process 33 exited with code 0
2025/04/22 13:37:20 [notice] 1#1: worker process 34 exited with code 0
2025/04/22 13:37:20 [notice] 1#1: worker process 35 exited with code 0
2025/04/22 13:37:20 [notice] 1#1: signal 29 (SIGIO) received
2025/04/22 13:37:20 [notice] 1#1: signal 17 (SIGCHLD) received from 33
2025/04/22 13:37:20 [notice] 1#1: signal 17 (SIGCHLD) received from 29
2025/04/22 13:37:20 [notice] 1#1: worker process 29 exited with code 0
2025/04/22 13:37:20 [notice] 1#1: exit
2025/04/22 13:37:51 [notice] 1#1: using the "epoll" event method
2025/04/22 13:37:51 [notice] 1#1: nginx/1.27.5
2025/04/22 13:37:51 [notice] 1#1: built by gcc 14.2.0 (Alpine 14.2.0) 
2025/04/22 13:37:51 [notice] 1#1: OS: Linux 6.13.9-200.fc41.x86_64
2025/04/22 13:37:51 [notice] 1#1: getrlimit(RLIMIT_NOFILE): 1073741816:1073741816
2025/04/22 13:37:51 [notice] 1#1: start worker processes
2025/04/22 13:37:51 [notice] 1#1: start worker process 29
2025/04/22 13:37:51 [notice] 1#1: start worker process 30
2025/04/22 13:37:51 [notice] 1#1: start worker process 31
2025/04/22 13:37:51 [notice] 1#1: start worker process 32
2025/04/22 13:37:51 [notice] 1#1: start worker process 33
2025/04/22 13:37:51 [notice] 1#1: start worker process 34
2025/04/22 13:37:51 [notice] 1#1: start worker process 35
2025/04/22 13:37:51 [notice] 1#1: start worker process 36
2025/04/22 13:38:38 [notice] 1#1: signal 3 (SIGQUIT) received, shutting down
2025/04/22 13:38:38 [notice] 29#29: gracefully shutting down
2025/04/22 13:38:38 [notice] 33#33: gracefully shutting down
2025/04/22 13:38:38 [notice] 30#30: gracefully shutting down
2025/04/22 13:38:38 [notice] 31#31: gracefully shutting down
2025/04/22 13:38:38 [notice] 35#35: gracefully shutting down
2025/04/22 13:38:38 [notice] 34#34: gracefully shutting down
2025/04/22 13:38:38 [notice] 32#32: gracefully shutting down
2025/04/22 13:38:38 [notice] 33#33: exiting
2025/04/22 13:38:38 [notice] 29#29: exiting
2025/04/22 13:38:38 [notice] 30#30: exiting
2025/04/22 13:38:38 [notice] 31#31: exiting
2025/04/22 13:38:38 [notice] 35#35: exiting
2025/04/22 13:38:38 [notice] 34#34: exiting
2025/04/22 13:38:38 [notice] 32#32: exiting
2025/04/22 13:38:38 [notice] 36#36: gracefully shutting down
2025/04/22 13:38:38 [notice] 36#36: exiting
2025/04/22 13:38:38 [notice] 31#31: exit
2025/04/22 13:38:38 [notice] 33#33: exit
2025/04/22 13:38:38 [notice] 34#34: exit
2025/04/22 13:38:38 [notice] 32#32: exit
2025/04/22 13:38:38 [notice] 30#30: exit
2025/04/22 13:38:38 [notice] 29#29: exit
2025/04/22 13:38:38 [notice] 36#36: exit
2025/04/22 13:38:38 [notice] 35#35: exit
2025/04/22 13:38:38 [notice] 1#1: signal 17 (SIGCHLD) received from 35
2025/04/22 13:38:38 [notice] 1#1: worker process 34 exited with code 0
2025/04/22 13:38:38 [notice] 1#1: worker process 35 exited with code 0
2025/04/22 13:38:38 [notice] 1#1: signal 29 (SIGIO) received
2025/04/22 13:38:38 [notice] 1#1: signal 17 (SIGCHLD) received from 31
2025/04/22 13:38:38 [notice] 1#1: worker process 31 exited with code 0
2025/04/22 13:38:38 [notice] 1#1: signal 29 (SIGIO) received
2025/04/22 13:38:38 [notice] 1#1: signal 17 (SIGCHLD) received from 29
2025/04/22 13:38:38 [notice] 1#1: worker process 29 exited with code 0
2025/04/22 13:38:38 [notice] 1#1: worker process 32 exited with code 0
2025/04/22 13:38:38 [notice] 1#1: signal 29 (SIGIO) received
2025/04/22 13:38:38 [notice] 1#1: signal 17 (SIGCHLD) received from 32
2025/04/22 13:38:38 [notice] 1#1: worker process 33 exited with code 0
2025/04/22 13:38:38 [notice] 1#1: signal 29 (SIGIO) received
2025/04/22 13:38:38 [notice] 1#1: signal 17 (SIGCHLD) received from 30
2025/04/22 13:38:38 [notice] 1#1: worker process 30 exited with code 0
2025/04/22 13:38:38 [notice] 1#1: signal 29 (SIGIO) received
2025/04/22 13:38:38 [notice] 1#1: signal 17 (SIGCHLD) received from 36
2025/04/22 13:38:38 [notice] 1#1: worker process 36 exited with code 0
2025/04/22 13:38:38 [notice] 1#1: exit
2025/04/22 13:39:00 [notice] 1#1: using the "epoll" event method
2025/04/22 13:39:00 [notice] 1#1: nginx/1.27.5
2025/04/22 13:39:00 [notice] 1#1: built by gcc 14.2.0 (Alpine 14.2.0) 
2025/04/22 13:39:00 [notice] 1#1: OS: Linux 6.13.9-200.fc41.x86_64
2025/04/22 13:39:00 [notice] 1#1: getrlimit(RLIMIT_NOFILE): 1073741816:1073741816
2025/04/22 13:39:00 [notice] 1#1: start worker processes
2025/04/22 13:39:00 [notice] 1#1: start worker process 29
2025/04/22 13:39:00 [notice] 1#1: start worker process 30
2025/04/22 13:39:00 [notice] 1#1: start worker process 31
2025/04/22 13:39:00 [notice] 1#1: start worker process 32
2025/04/22 13:39:00 [notice] 1#1: start worker process 33
2025/04/22 13:39:00 [notice] 1#1: start worker process 34
2025/04/22 13:39:00 [notice] 1#1: start worker process 35
2025/04/22 13:39:00 [notice] 1#1: start worker process 36
2025/04/22 13:39:30 [notice] 1#1: signal 3 (SIGQUIT) received, shutting down
2025/04/22 13:39:30 [notice] 30#30: gracefully shutting down
2025/04/22 13:39:30 [notice] 29#29: gracefully shutting down
2025/04/22 13:39:30 [notice] 32#32: gracefully shutting down
2025/04/22 13:39:30 [notice] 31#31: gracefully shutting down
2025/04/22 13:39:30 [notice] 32#32: exiting
2025/04/22 13:39:30 [notice] 29#29: exiting
2025/04/22 13:39:30 [notice] 30#30: exiting
2025/04/22 13:39:30 [notice] 31#31: exiting
2025/04/22 13:39:30 [notice] 31#31: exit
2025/04/22 13:39:30 [notice] 32#32: exit
2025/04/22 13:39:30 [notice] 33#33: gracefully shutting down
2025/04/22 13:39:30 [notice] 34#34: gracefully shutting down
2025/04/22 13:39:30 [notice] 29#29: exit
2025/04/22 13:39:30 [notice] 33#33: exiting
2025/04/22 13:39:30 [notice] 34#34: exiting
2025/04/22 13:39:30 [notice] 35#35: gracefully shutting down
2025/04/22 13:39:30 [notice] 35#35: exiting
2025/04/22 13:39:30 [notice] 33#33: exit
2025/04/22 13:39:30 [notice] 34#34: exit
2025/04/22 13:39:30 [notice] 35#35: exit
2025/04/22 13:39:30 [notice] 36#36: gracefully shutting down
2025/04/22 13:39:30 [notice] 30#30: exit
2025/04/22 13:39:30 [notice] 36#36: exiting
2025/04/22 13:39:30 [notice] 36#36: exit
2025/04/22 13:39:30 [notice] 1#1: signal 17 (SIGCHLD) received from 31
2025/04/22 13:39:30 [notice] 1#1: worker process 31 exited with code 0
2025/04/22 13:39:30 [notice] 1#1: signal 29 (SIGIO) received
2025/04/22 13:39:30 [notice] 1#1: signal 17 (SIGCHLD) received from 35
2025/04/22 13:39:30 [notice] 1#1: worker process 35 exited with code 0
2025/04/22 13:39:30 [notice] 1#1: signal 29 (SIGIO) received
2025/04/22 13:39:30 [notice] 1#1: signal 17 (SIGCHLD) received from 33
2025/04/22 13:39:30 [notice] 1#1: worker process 33 exited with code 0
2025/04/22 13:39:30 [notice] 1#1: worker process 30 exited with code 0
2025/04/22 13:39:30 [notice] 1#1: signal 29 (SIGIO) received
2025/04/22 13:39:30 [notice] 1#1: signal 17 (SIGCHLD) received from 30
2025/04/22 13:39:30 [notice] 1#1: worker process 29 exited with code 0
2025/04/22 13:39:30 [notice] 1#1: signal 29 (SIGIO) received
2025/04/22 13:39:30 [notice] 1#1: signal 17 (SIGCHLD) received from 29
2025/04/22 13:39:30 [notice] 1#1: signal 17 (SIGCHLD) received from 34
2025/04/22 13:39:30 [notice] 1#1: worker process 34 exited with code 0
2025/04/22 13:39:30 [notice] 1#1: signal 29 (SIGIO) received
2025/04/22 13:39:30 [notice] 1#1: signal 17 (SIGCHLD) received from 32
2025/04/22 13:39:30 [notice] 1#1: worker process 32 exited with code 0
2025/04/22 13:39:30 [notice] 1#1: signal 29 (SIGIO) received
2025/04/22 13:39:30 [notice] 1#1: signal 17 (SIGCHLD) received from 36
2025/04/22 13:39:30 [notice] 1#1: worker process 36 exited with code 0
2025/04/22 13:39:30 [notice] 1#1: exit
2025/04/22 13:40:31 [notice] 1#1: using the "epoll" event method
2025/04/22 13:40:31 [notice] 1#1: nginx/1.27.5
2025/04/22 13:40:31 [notice] 1#1: built by gcc 14.2.0 (Alpine 14.2.0) 
2025/04/22 13:40:31 [notice] 1#1: OS: Linux 6.13.9-200.fc41.x86_64
2025/04/22 13:40:31 [notice] 1#1: getrlimit(RLIMIT_NOFILE): 1073741816:1073741816
2025/04/22 13:40:31 [notice] 1#1: start worker processes
2025/04/22 13:40:31 [notice] 1#1: start worker process 29
2025/04/22 13:40:31 [notice] 1#1: start worker process 30
2025/04/22 13:40:31 [notice] 1#1: start worker process 31
2025/04/22 13:40:31 [notice] 1#1: start worker process 32
2025/04/22 13:40:31 [notice] 1#1: start worker process 33
2025/04/22 13:40:31 [notice] 1#1: start worker process 34
2025/04/22 13:40:31 [notice] 1#1: start worker process 35
2025/04/22 13:40:31 [notice] 1#1: start worker process 36
2025/04/22 13:42:11 [error] 33#33: *12 open() "/usr/share/nginx/html/favicon.ico" failed (2: No such file or directory), client: 172.18.0.1, server: alekseev.mywire.org, request: "GET /favicon.ico HTTP/1.1", host: "127.0.0.1", referrer: "https://127.0.0.1/"
2025/04/22 13:42:43 [error] 36#36: *14 open() "/usr/share/nginx/html/favicon.ico" failed (2: No such file or directory), client: 172.18.0.1, server: alekseev.mywire.org, request: "GET /favicon.ico HTTP/1.1", host: "alekseev.mywire.org", referrer: "https://alekseev.mywire.org/"
2025/04/22 13:47:02 [notice] 1#1: signal 3 (SIGQUIT) received, shutting down
2025/04/22 13:47:02 [notice] 32#32: gracefully shutting down
2025/04/22 13:47:02 [notice] 34#34: gracefully shutting down
2025/04/22 13:47:02 [notice] 32#32: exiting
2025/04/22 13:47:02 [notice] 30#30: gracefully shutting down
2025/04/22 13:47:02 [notice] 34#34: exiting
2025/04/22 13:47:02 [notice] 33#33: gracefully shutting down
2025/04/22 13:47:02 [notice] 30#30: exiting
2025/04/22 13:47:02 [notice] 33#33: exiting
2025/04/22 13:47:02 [notice] 35#35: gracefully shutting down
2025/04/22 13:47:02 [notice] 31#31: gracefully shutting down
2025/04/22 13:47:02 [notice] 35#35: exiting
2025/04/22 13:47:02 [notice] 31#31: exiting
2025/04/22 13:47:02 [notice] 34#34: exit
2025/04/22 13:47:02 [notice] 30#30: exit
2025/04/22 13:47:02 [notice] 32#32: exit
2025/04/22 13:47:02 [notice] 29#29: gracefully shutting down
2025/04/22 13:47:02 [notice] 29#29: exiting
2025/04/22 13:47:02 [notice] 35#35: exit
2025/04/22 13:47:02 [notice] 29#29: exit
2025/04/22 13:47:02 [notice] 33#33: exit
2025/04/22 13:47:02 [notice] 36#36: gracefully shutting down
2025/04/22 13:47:02 [notice] 36#36: exiting
2025/04/22 13:47:02 [notice] 36#36: exit
2025/04/22 13:47:02 [notice] 31#31: exit
2025/04/22 13:47:02 [notice] 1#1: signal 17 (SIGCHLD) received from 29
2025/04/22 13:47:02 [notice] 1#1: worker process 29 exited with code 0
2025/04/22 13:47:02 [notice] 1#1: signal 29 (SIGIO) received
2025/04/22 13:47:02 [notice] 1#1: signal 17 (SIGCHLD) received from 34
2025/04/22 13:47:02 [notice] 1#1: worker process 34 exited with code 0
2025/04/22 13:47:02 [notice] 1#1: worker process 35 exited with code 0
2025/04/22 13:47:02 [notice] 1#1: signal 29 (SIGIO) received
2025/04/22 13:47:02 [notice] 1#1: signal 17 (SIGCHLD) received from 36
2025/04/22 13:47:02 [notice] 1#1: worker process 32 exited with code 0
2025/04/22 13:47:02 [notice] 1#1: worker process 36 exited with code 0
2025/04/22 13:47:02 [notice] 1#1: signal 29 (SIGIO) received
2025/04/22 13:47:02 [notice] 1#1: signal 17 (SIGCHLD) received from 33
2025/04/22 13:47:02 [notice] 1#1: worker process 33 exited with code 0
2025/04/22 13:47:02 [notice] 1#1: signal 29 (SIGIO) received
2025/04/22 13:47:02 [notice] 1#1: signal 17 (SIGCHLD) received from 30
2025/04/22 13:47:02 [notice] 1#1: worker process 30 exited with code 0
2025/04/22 13:47:02 [notice] 1#1: signal 29 (SIGIO) received
2025/04/22 13:47:02 [notice] 1#1: signal 17 (SIGCHLD) received from 31
2025/04/22 13:47:02 [notice] 1#1: worker process 31 exited with code 0
2025/04/22 13:47:02 [notice] 1#1: exit
2025/04/22 13:47:39 [notice] 1#1: using the "epoll" event method
2025/04/22 13:47:39 [notice] 1#1: nginx/1.27.5
2025/04/22 13:47:39 [notice] 1#1: built by gcc 14.2.0 (Alpine 14.2.0) 
2025/04/22 13:47:39 [notice] 1#1: OS: Linux 6.13.9-200.fc41.x86_64
2025/04/22 13:47:39 [notice] 1#1: getrlimit(RLIMIT_NOFILE): 1073741816:1073741816
2025/04/22 13:47:39 [notice] 1#1: start worker processes
2025/04/22 13:47:39 [notice] 1#1: start worker process 29
2025/04/22 13:47:39 [notice] 1#1: start worker process 30
2025/04/22 13:47:39 [notice] 1#1: start worker process 31
2025/04/22 13:47:39 [notice] 1#1: start worker process 32
2025/04/22 13:47:39 [notice] 1#1: start worker process 33
2025/04/22 13:47:39 [notice] 1#1: start worker process 34
2025/04/22 13:47:39 [notice] 1#1: start worker process 35
2025/04/22 13:47:39 [notice] 1#1: start worker process 36
2025/04/22 13:48:12 [notice] 1#1: signal 3 (SIGQUIT) received, shutting down
2025/04/22 13:48:12 [notice] 34#34: gracefully shutting down
2025/04/22 13:48:12 [notice] 30#30: gracefully shutting down
2025/04/22 13:48:12 [notice] 34#34: exiting
2025/04/22 13:48:12 [notice] 30#30: exiting
2025/04/22 13:48:12 [notice] 32#32: gracefully shutting down
2025/04/22 13:48:12 [notice] 36#36: gracefully shutting down
2025/04/22 13:48:12 [notice] 31#31: gracefully shutting down
2025/04/22 13:48:12 [notice] 36#36: exiting
2025/04/22 13:48:12 [notice] 34#34: exit
2025/04/22 13:48:12 [notice] 33#33: gracefully shutting down
2025/04/22 13:48:12 [notice] 35#35: gracefully shutting down
2025/04/22 13:48:12 [notice] 29#29: gracefully shutting down
2025/04/22 13:48:12 [notice] 29#29: exiting
2025/04/22 13:48:12 [notice] 36#36: exit
2025/04/22 13:48:12 [notice] 32#32: exiting
2025/04/22 13:48:12 [notice] 30#30: exit
2025/04/22 13:48:12 [notice] 33#33: exiting
2025/04/22 13:48:12 [notice] 31#31: exiting
2025/04/22 13:48:12 [notice] 29#29: exit
2025/04/22 13:48:12 [notice] 31#31: exit
2025/04/22 13:48:12 [notice] 33#33: exit
2025/04/22 13:48:12 [notice] 32#32: exit
2025/04/22 13:48:12 [notice] 35#35: exiting
2025/04/22 13:48:12 [notice] 35#35: exit
2025/04/22 13:48:12 [notice] 1#1: signal 17 (SIGCHLD) received from 31
2025/04/22 13:48:12 [notice] 1#1: worker process 30 exited with code 0
2025/04/22 13:48:12 [notice] 1#1: worker process 31 exited with code 0
2025/04/22 13:48:12 [notice] 1#1: worker process 33 exited with code 0
2025/04/22 13:48:12 [notice] 1#1: worker process 34 exited with code 0
2025/04/22 13:48:12 [notice] 1#1: worker process 29 exited with code 0
2025/04/22 13:48:12 [notice] 1#1: worker process 36 exited with code 0
2025/04/22 13:48:12 [notice] 1#1: signal 29 (SIGIO) received
2025/04/22 13:48:12 [notice] 1#1: signal 17 (SIGCHLD) received from 29
2025/04/22 13:48:12 [notice] 1#1: signal 17 (SIGCHLD) received from 32
2025/04/22 13:48:12 [notice] 1#1: worker process 32 exited with code 0
2025/04/22 13:48:12 [notice] 1#1: worker process 35 exited with code 0
2025/04/22 13:48:12 [notice] 1#1: exit
